2020-08-27 16:01:48,954:INFO:PyCaret Clustering Module
2020-08-27 16:01:48,954:INFO:version 2.0
2020-08-27 16:01:48,954:INFO:Initializing setup()
2020-08-27 16:01:48,955:INFO:USI: 36c4
2020-08-27 16:01:48,955:INFO:setup(data=(224, 21), categorical_features=None, categorical_imputation=constant, ordinal_features=None, high_cardinality_features=None, 
                    numeric_features=None, numeric_imputation=mean, date_features=None, ignore_features=None, normalize=False,
                    normalize_method=zscore, transformation=False, transformation_method=yeo-johnson, handle_unknown_categorical=True, unknown_categorical_method=least_frequent, pca=False, pca_method=linear,
                    pca_components=None, ignore_low_variance=False, combine_rare_levels=False, rare_level_threshold=0.1, bin_numeric_features=None,
                    remove_multicollinearity=False, multicollinearity_threshold=0.9, group_features=None,
                    group_names=None, supervised=False, supervised_target=None, n_jobs=-1, html=True, session_id=None, log_experiment=False,
                    experiment_name=None, log_plots=False, log_profile=False, log_data=False, silent=False, verbose=True, profile=False)
2020-08-27 16:01:48,956:INFO:Checking environment
2020-08-27 16:01:48,956:INFO:python_version: 3.7.6
2020-08-27 16:01:48,956:INFO:python_build: ('default', 'Jan  8 2020 20:23:39')
2020-08-27 16:01:48,956:INFO:machine: AMD64
2020-08-27 16:01:48,956:INFO:platform: Windows-10-10.0.18362-SP0
2020-08-27 16:01:48,956:INFO:Memory: svmem(total=8160575488, available=2149113856, percent=73.7, used=6011461632, free=2149113856)
2020-08-27 16:01:48,956:INFO:Physical Core: 4
2020-08-27 16:01:48,956:INFO:Logical Core: 8
2020-08-27 16:01:48,956:INFO:Checking libraries
2020-08-27 16:01:48,956:INFO:pd==1.0.1
2020-08-27 16:01:48,956:INFO:numpy==1.18.1
2020-08-27 16:01:49,004:INFO:sklearn==0.23.2
2020-08-27 16:01:49,005:INFO:kmodes==0.10.2
2020-08-27 16:01:50,631:INFO:mlflow==1.10.0
2020-08-27 16:01:50,632:INFO:Checking Exceptions
2020-08-27 16:01:50,632:INFO:Preloading libraries
2020-08-27 16:01:50,632:INFO:Preparing display monitor
2020-08-27 16:01:50,647:INFO:Importing libraries
2020-08-27 16:01:50,647:INFO:Declaring global variables
2020-08-27 16:01:50,648:INFO:Copying data for preprocessing
2020-08-27 16:01:50,652:INFO:Declaring preprocessing parameters
2020-08-27 16:01:50,652:INFO:Importing preprocessing module
2020-08-27 16:01:51,299:INFO:Creating preprocessing pipeline
2020-08-27 16:02:00,609:INFO:Preprocessing pipeline created successfully
2020-08-27 16:02:00,609:INFO:Creating grid variables
2020-08-27 16:02:00,610:INFO:Creating global containers
2020-08-27 16:02:00,664:INFO:Pipeline(memory=None,
         steps=[('dtypes',
                 DataTypes_Auto_infer(categorical_features=[],
                                      display_types=True, features_todrop=[],
                                      ml_usecase='regression',
                                      numerical_features=[],
                                      target='dummy_target',
                                      time_features=[])),
                ('imputer',
                 Simple_Imputer(categorical_strategy='not_available',
                                numeric_strategy='mean',
                                target_variable=None)),
                ('new_levels1',
                 New_Catagorical_L...
                                                    target='dummy_target')),
                ('feature_time',
                 Make_Time_Features(list_of_features=None, time_feature=[])),
                ('group', Empty()), ('scaling', Empty()),
                ('P_transform', Empty()), ('binn', Empty()),
                ('fix_perfect', Empty()), ('rem_outliers', Empty()),
                ('dummy', Dummify(target='dummy_target')),
                ('clean_names', Clean_Colum_Names()), ('fix_multi', Empty()),
                ('pca', Empty())],
         verbose=False)
2020-08-27 16:02:00,665:INFO:setup() succesfully completed......................................
2020-08-27 20:49:23,140:INFO:PyCaret Clustering Module
2020-08-27 20:49:23,142:INFO:version 2.0
2020-08-27 20:49:23,142:INFO:Initializing setup()
2020-08-27 20:49:23,142:INFO:USI: 447c
2020-08-27 20:49:23,145:INFO:setup(data=(224, 21), categorical_features=None, categorical_imputation=constant, ordinal_features=None, high_cardinality_features=None, 
                    numeric_features=None, numeric_imputation=mean, date_features=None, ignore_features=['Country Name'], normalize=False,
                    normalize_method=zscore, transformation=False, transformation_method=yeo-johnson, handle_unknown_categorical=True, unknown_categorical_method=least_frequent, pca=False, pca_method=linear,
                    pca_components=None, ignore_low_variance=False, combine_rare_levels=False, rare_level_threshold=0.1, bin_numeric_features=None,
                    remove_multicollinearity=False, multicollinearity_threshold=0.9, group_features=None,
                    group_names=None, supervised=False, supervised_target=None, n_jobs=-1, html=True, session_id=None, log_experiment=False,
                    experiment_name=None, log_plots=False, log_profile=False, log_data=False, silent=False, verbose=True, profile=False)
2020-08-27 20:49:23,145:INFO:Checking environment
2020-08-27 20:49:23,145:INFO:python_version: 3.7.6
2020-08-27 20:49:23,146:INFO:python_build: ('default', 'Jan  8 2020 20:23:39')
2020-08-27 20:49:23,146:INFO:machine: AMD64
2020-08-27 20:49:23,146:INFO:platform: Windows-10-10.0.18362-SP0
2020-08-27 20:49:23,147:INFO:Memory: svmem(total=8160575488, available=1470476288, percent=82.0, used=6690099200, free=1470476288)
2020-08-27 20:49:23,147:INFO:Physical Core: 4
2020-08-27 20:49:23,148:INFO:Logical Core: 8
2020-08-27 20:49:23,148:INFO:Checking libraries
2020-08-27 20:49:23,148:INFO:pd==1.0.1
2020-08-27 20:49:23,148:INFO:numpy==1.18.1
2020-08-27 20:49:23,148:INFO:sklearn==0.23.2
2020-08-27 20:49:23,148:INFO:kmodes==0.10.2
2020-08-27 20:49:23,148:INFO:mlflow==1.10.0
2020-08-27 20:49:23,148:INFO:Checking Exceptions
2020-08-27 20:49:23,149:INFO:Preloading libraries
2020-08-27 20:49:23,151:INFO:Preparing display monitor
2020-08-27 20:49:23,192:INFO:Importing libraries
2020-08-27 20:49:23,192:INFO:Declaring global variables
2020-08-27 20:49:23,193:INFO:Copying data for preprocessing
2020-08-27 20:49:23,199:INFO:Declaring preprocessing parameters
2020-08-27 20:49:23,199:INFO:Importing preprocessing module
2020-08-27 20:49:23,199:INFO:Creating preprocessing pipeline
2020-08-27 20:49:26,521:INFO:Preprocessing pipeline created successfully
2020-08-27 20:49:26,521:INFO:Creating grid variables
2020-08-27 20:49:26,523:INFO:Creating global containers
2020-08-27 20:49:26,562:INFO:Pipeline(memory=None,
         steps=[('dtypes',
                 DataTypes_Auto_infer(categorical_features=[],
                                      display_types=True,
                                      features_todrop=['Country Name'],
                                      ml_usecase='regression',
                                      numerical_features=[],
                                      target='dummy_target',
                                      time_features=[])),
                ('imputer',
                 Simple_Imputer(categorical_strategy='not_available',
                                numeric_strategy='mean',
                                target_variable=None)),
                ('new_levels1',
                 New_...
                                                    target='dummy_target')),
                ('feature_time',
                 Make_Time_Features(list_of_features=None, time_feature=[])),
                ('group', Empty()), ('scaling', Empty()),
                ('P_transform', Empty()), ('binn', Empty()),
                ('fix_perfect', Empty()), ('rem_outliers', Empty()),
                ('dummy', Dummify(target='dummy_target')),
                ('clean_names', Clean_Colum_Names()), ('fix_multi', Empty()),
                ('pca', Empty())],
         verbose=False)
2020-08-27 20:49:26,562:INFO:setup() succesfully completed......................................
2020-08-27 20:54:43,391:INFO:Initializing create_model()
2020-08-27 20:54:43,392:INFO:create_model(model=kmeans, num_clusters=5, ground_truth=None, verbose=True, system=True)
2020-08-27 20:54:43,392:INFO:Checking exceptions
2020-08-27 20:54:43,392:INFO:Preloading libraries
2020-08-27 20:54:43,392:INFO:Setting num_cluster param
2020-08-27 20:54:43,392:INFO:Preparing display monitor
2020-08-27 20:54:43,412:INFO:Importing untrained model
2020-08-27 20:54:43,412:INFO:K-Means Clustering Imported succesfully
2020-08-27 20:54:43,418:INFO:Fitting Model
2020-08-27 20:54:43,526:INFO:Evaluating Metrics
2020-08-27 20:54:43,554:INFO:Creating Metrics dataframe
2020-08-27 20:54:43,567:INFO:KMeans(algorithm='auto', copy_x=True, init='k-means++', max_iter=300,
       n_clusters=5, n_init=10, n_jobs=-1, precompute_distances='deprecated',
       random_state=5052, tol=0.0001, verbose=0)
2020-08-27 20:54:43,568:INFO:create_models() succesfully completed......................................
2020-08-27 20:57:55,592:INFO:Initializing create_model()
2020-08-27 20:57:55,592:INFO:create_model(model=kmeans, num_clusters=5, ground_truth=None, verbose=True, system=True)
2020-08-27 20:57:55,592:INFO:Checking exceptions
2020-08-27 20:57:55,592:INFO:Preloading libraries
2020-08-27 20:57:55,592:INFO:Setting num_cluster param
2020-08-27 20:57:55,593:INFO:Preparing display monitor
2020-08-27 20:57:55,609:INFO:Importing untrained model
2020-08-27 20:57:55,609:INFO:K-Means Clustering Imported succesfully
2020-08-27 20:57:55,615:INFO:Fitting Model
2020-08-27 20:57:55,654:INFO:Evaluating Metrics
2020-08-27 20:57:55,664:INFO:Creating Metrics dataframe
2020-08-27 20:57:55,671:INFO:KMeans(algorithm='auto', copy_x=True, init='k-means++', max_iter=300,
       n_clusters=5, n_init=10, n_jobs=-1, precompute_distances='deprecated',
       random_state=5052, tol=0.0001, verbose=0)
2020-08-27 20:57:55,671:INFO:create_models() succesfully completed......................................
2020-08-27 21:39:00,226:INFO:Initializing plot_model()
2020-08-27 21:39:00,228:INFO:plot_model(model=KMeans(algorithm='auto', copy_x=True, init='k-means++', max_iter=300,
       n_clusters=5, n_init=10, n_jobs=-1, precompute_distances='deprecated',
       random_state=5052, tol=0.0001, verbose=0), plot=cluster, feature=None, label=False, save=False, system=True)
2020-08-27 21:39:00,228:INFO:Checking exceptions
2020-08-27 21:39:00,228:INFO:Importing libraries
2020-08-27 21:39:01,629:INFO:plot type: cluster
2020-08-27 21:39:01,630:INFO:SubProcess assign_model() called ==================================
2020-08-27 21:39:01,630:INFO:Initializing assign_model()
2020-08-27 21:39:01,631:INFO:assign_model(model=KMeans(algorithm='auto', copy_x=True, init='k-means++', max_iter=300,
       n_clusters=5, n_init=10, n_jobs=-1, precompute_distances='deprecated',
       random_state=5052, tol=0.0001, verbose=0), transformation=True, verbose=False)
2020-08-27 21:39:01,631:INFO:Checking exceptions
2020-08-27 21:39:01,631:INFO:Preloading libraries
2020-08-27 21:39:01,631:INFO:Copying data
2020-08-27 21:39:01,631:INFO:Transformation param set to True. Assigned clusters are attached on transformed dataset.
2020-08-27 21:39:01,631:INFO:Preparing display monitor
2020-08-27 21:39:01,642:INFO:Determining Trained Model
2020-08-27 21:39:01,642:INFO:Trained Model : K-Means Clustering
2020-08-27 21:39:01,642:INFO:(224, 21)
2020-08-27 21:39:01,643:INFO:assign_model() succesfully completed......................................
2020-08-27 21:39:01,643:INFO:SubProcess assign_model() end ==================================
2020-08-27 21:39:01,648:INFO:Fitting PCA()
2020-08-27 21:39:01,690:INFO:Sorting dataframe
2020-08-27 21:39:01,692:INFO:Rendering Visual
2020-08-27 21:39:02,690:INFO:Visual Rendered Successfully
2020-08-27 21:39:02,691:INFO:plot_model() succesfully completed......................................
2020-08-27 21:39:41,534:INFO:Initializing plot_model()
2020-08-27 21:39:41,535:INFO:plot_model(model=KMeans(algorithm='auto', copy_x=True, init='k-means++', max_iter=300,
       n_clusters=5, n_init=10, n_jobs=-1, precompute_distances='deprecated',
       random_state=5052, tol=0.0001, verbose=0), plot=tsne, feature=None, label=False, save=False, system=True)
2020-08-27 21:39:41,536:INFO:Checking exceptions
2020-08-27 21:39:41,536:INFO:Importing libraries
2020-08-27 21:39:41,546:INFO:plot type: tsne
2020-08-27 21:39:41,546:INFO:SubProcess assign_model() called ==================================
2020-08-27 21:39:41,546:INFO:Initializing assign_model()
2020-08-27 21:39:41,547:INFO:assign_model(model=KMeans(algorithm='auto', copy_x=True, init='k-means++', max_iter=300,
       n_clusters=5, n_init=10, n_jobs=-1, precompute_distances='deprecated',
       random_state=5052, tol=0.0001, verbose=0), transformation=True, verbose=False)
2020-08-27 21:39:41,547:INFO:Checking exceptions
2020-08-27 21:39:41,547:INFO:Preloading libraries
2020-08-27 21:39:41,547:INFO:Copying data
2020-08-27 21:39:41,547:INFO:Transformation param set to True. Assigned clusters are attached on transformed dataset.
2020-08-27 21:39:41,548:INFO:Preparing display monitor
2020-08-27 21:39:41,560:INFO:Determining Trained Model
2020-08-27 21:39:41,560:INFO:Trained Model : K-Means Clustering
2020-08-27 21:39:41,560:INFO:(224, 21)
2020-08-27 21:39:41,561:INFO:assign_model() succesfully completed......................................
2020-08-27 21:39:41,561:INFO:SubProcess assign_model() end ==================================
2020-08-27 21:39:41,562:INFO:Fitting TSNE()
2020-08-27 21:39:43,488:INFO:Sorting dataframe
2020-08-27 21:39:43,490:INFO:Rendering Visual
2020-08-27 21:39:43,610:INFO:Visual Rendered Successfully
2020-08-27 21:39:43,611:INFO:plot_model() succesfully completed......................................
2020-08-27 21:40:44,655:INFO:Initializing plot_model()
2020-08-27 21:40:44,655:INFO:plot_model(model=KMeans(algorithm='auto', copy_x=True, init='k-means++', max_iter=300,
       n_clusters=5, n_init=10, n_jobs=-1, precompute_distances='deprecated',
       random_state=5052, tol=0.0001, verbose=0), plot=elbow, feature=None, label=False, save=False, system=True)
2020-08-27 21:40:44,655:INFO:Checking exceptions
2020-08-27 21:40:44,656:INFO:Importing libraries
2020-08-27 21:40:44,667:INFO:plot type: elbow
2020-08-27 21:40:44,785:INFO:Fitting KElbowVisualizer()
2020-08-27 21:40:45,219:INFO:Rendering Visual
2020-08-27 21:40:46,137:INFO:Visual Rendered Successfully
2020-08-27 21:40:46,138:INFO:plot_model() succesfully completed......................................
2020-08-27 21:41:20,055:INFO:Initializing plot_model()
2020-08-27 21:41:20,057:INFO:plot_model(model=KMeans(algorithm='auto', copy_x=True, init='k-means++', max_iter=300,
       n_clusters=5, n_init=10, n_jobs=-1, precompute_distances='deprecated',
       random_state=5052, tol=0.0001, verbose=0), plot=elbow, feature=None, label=False, save=False, system=True)
2020-08-27 21:41:20,057:INFO:Checking exceptions
2020-08-27 21:41:20,057:INFO:Importing libraries
2020-08-27 21:41:20,069:INFO:plot type: elbow
2020-08-27 21:41:20,070:INFO:Fitting KElbowVisualizer()
2020-08-27 21:41:20,479:INFO:Rendering Visual
2020-08-27 21:41:21,138:INFO:Visual Rendered Successfully
2020-08-27 21:41:21,138:INFO:plot_model() succesfully completed......................................
2020-08-27 21:41:29,769:INFO:Initializing plot_model()
2020-08-27 21:41:29,769:INFO:plot_model(model=KMeans(algorithm='auto', copy_x=True, init='k-means++', max_iter=300,
       n_clusters=5, n_init=10, n_jobs=-1, precompute_distances='deprecated',
       random_state=5052, tol=0.0001, verbose=0), plot=silhouette, feature=None, label=False, save=False, system=True)
2020-08-27 21:41:29,769:INFO:Checking exceptions
2020-08-27 21:41:29,770:INFO:Importing libraries
2020-08-27 21:41:29,782:INFO:plot type: silhouette
2020-08-27 21:41:29,782:INFO:Fitting SilhouetteVisualizer()
2020-08-27 21:41:29,818:INFO:Rendering Visual
2020-08-27 21:41:30,194:INFO:Visual Rendered Successfully
2020-08-27 21:41:30,194:INFO:plot_model() succesfully completed......................................
2020-08-27 21:41:53,226:INFO:Initializing plot_model()
2020-08-27 21:41:53,227:INFO:plot_model(model=KMeans(algorithm='auto', copy_x=True, init='k-means++', max_iter=300,
       n_clusters=5, n_init=10, n_jobs=-1, precompute_distances='deprecated',
       random_state=5052, tol=0.0001, verbose=0), plot=distance, feature=None, label=False, save=False, system=True)
2020-08-27 21:41:53,227:INFO:Checking exceptions
2020-08-27 21:41:53,227:INFO:Importing libraries
2020-08-27 21:41:53,241:INFO:plot type: distance
2020-08-27 21:41:53,271:INFO:Fitting InterclusterDistance()
2020-08-27 21:41:53,297:INFO:Rendering Visual
2020-08-27 21:41:53,582:INFO:Visual Rendered Successfully
2020-08-27 21:41:53,582:INFO:plot_model() succesfully completed......................................
2020-08-27 21:42:30,564:INFO:Initializing plot_model()
2020-08-27 21:42:30,564:INFO:plot_model(model=KMeans(algorithm='auto', copy_x=True, init='k-means++', max_iter=300,
       n_clusters=5, n_init=10, n_jobs=-1, precompute_distances='deprecated',
       random_state=5052, tol=0.0001, verbose=0), plot=distribution, feature=None, label=False, save=False, system=True)
2020-08-27 21:42:30,565:INFO:Checking exceptions
2020-08-27 21:42:30,565:INFO:Importing libraries
2020-08-27 21:42:30,577:INFO:plot type: distribution
2020-08-27 21:42:30,578:INFO:SubProcess assign_model() called ==================================
2020-08-27 21:42:30,578:INFO:Initializing assign_model()
2020-08-27 21:42:30,579:INFO:assign_model(model=KMeans(algorithm='auto', copy_x=True, init='k-means++', max_iter=300,
       n_clusters=5, n_init=10, n_jobs=-1, precompute_distances='deprecated',
       random_state=5052, tol=0.0001, verbose=0), transformation=False, verbose=False)
2020-08-27 21:42:30,579:INFO:Checking exceptions
2020-08-27 21:42:30,579:INFO:Preloading libraries
2020-08-27 21:42:30,579:INFO:Copying data
2020-08-27 21:42:30,580:INFO:Preparing display monitor
2020-08-27 21:42:30,591:INFO:Determining Trained Model
2020-08-27 21:42:30,592:INFO:Trained Model : K-Means Clustering
2020-08-27 21:42:30,592:INFO:(224, 22)
2020-08-27 21:42:30,592:INFO:assign_model() succesfully completed......................................
2020-08-27 21:42:30,592:INFO:SubProcess assign_model() end ==================================
2020-08-27 21:42:30,592:INFO:Sorting dataframe
2020-08-27 21:42:30,596:INFO:Rendering Visual
2020-08-27 21:42:30,818:INFO:Visual Rendered Successfully
2020-08-27 21:42:30,818:INFO:plot_model() succesfully completed......................................
2020-08-27 21:47:49,459:INFO:PyCaret Clustering Module
2020-08-27 21:47:49,459:INFO:version 2.0
2020-08-27 21:47:49,459:INFO:Initializing setup()
2020-08-27 21:47:49,459:INFO:USI: 426d
2020-08-27 21:47:49,460:INFO:setup(data=(224, 21), categorical_features=None, categorical_imputation=constant, ordinal_features=None, high_cardinality_features=None, 
                    numeric_features=None, numeric_imputation=mean, date_features=None, ignore_features=['Country Name'], normalize=False,
                    normalize_method=zscore, transformation=False, transformation_method=yeo-johnson, handle_unknown_categorical=True, unknown_categorical_method=least_frequent, pca=False, pca_method=linear,
                    pca_components=None, ignore_low_variance=False, combine_rare_levels=False, rare_level_threshold=0.1, bin_numeric_features=None,
                    remove_multicollinearity=False, multicollinearity_threshold=0.9, group_features=None,
                    group_names=None, supervised=False, supervised_target=None, n_jobs=-1, html=True, session_id=123, log_experiment=False,
                    experiment_name=None, log_plots=False, log_profile=False, log_data=False, silent=False, verbose=True, profile=False)
2020-08-27 21:47:49,460:INFO:Checking environment
2020-08-27 21:47:49,460:INFO:python_version: 3.7.6
2020-08-27 21:47:49,460:INFO:python_build: ('default', 'Jan  8 2020 20:23:39')
2020-08-27 21:47:49,460:INFO:machine: AMD64
2020-08-27 21:47:49,460:INFO:platform: Windows-10-10.0.18362-SP0
2020-08-27 21:47:49,460:INFO:Memory: svmem(total=8160575488, available=1061421056, percent=87.0, used=7099154432, free=1061421056)
2020-08-27 21:47:49,460:INFO:Physical Core: 4
2020-08-27 21:47:49,460:INFO:Logical Core: 8
2020-08-27 21:47:49,460:INFO:Checking libraries
2020-08-27 21:47:49,461:INFO:pd==1.0.1
2020-08-27 21:47:49,461:INFO:numpy==1.18.1
2020-08-27 21:47:49,461:INFO:sklearn==0.23.2
2020-08-27 21:47:49,461:INFO:kmodes==0.10.2
2020-08-27 21:47:49,461:INFO:mlflow==1.10.0
2020-08-27 21:47:49,461:INFO:Checking Exceptions
2020-08-27 21:47:49,461:INFO:Preloading libraries
2020-08-27 21:47:49,461:INFO:Preparing display monitor
2020-08-27 21:47:49,475:INFO:Importing libraries
2020-08-27 21:47:49,475:INFO:Declaring global variables
2020-08-27 21:47:49,475:INFO:Copying data for preprocessing
2020-08-27 21:47:49,479:INFO:Declaring preprocessing parameters
2020-08-27 21:47:49,479:INFO:Importing preprocessing module
2020-08-27 21:47:49,479:INFO:Creating preprocessing pipeline
2020-08-27 21:48:57,629:INFO:Preprocessing pipeline created successfully
2020-08-27 21:48:57,630:INFO:Creating grid variables
2020-08-27 21:48:57,632:INFO:Creating global containers
2020-08-27 21:48:57,661:INFO:Pipeline(memory=None,
         steps=[('dtypes',
                 DataTypes_Auto_infer(categorical_features=[],
                                      display_types=True,
                                      features_todrop=['Country Name'],
                                      ml_usecase='regression',
                                      numerical_features=[],
                                      target='dummy_target',
                                      time_features=[])),
                ('imputer',
                 Simple_Imputer(categorical_strategy='not_available',
                                numeric_strategy='mean',
                                target_variable=None)),
                ('new_levels1',
                 New_...
                                                    target='dummy_target')),
                ('feature_time',
                 Make_Time_Features(list_of_features=None, time_feature=[])),
                ('group', Empty()), ('scaling', Empty()),
                ('P_transform', Empty()), ('binn', Empty()),
                ('fix_perfect', Empty()), ('rem_outliers', Empty()),
                ('dummy', Dummify(target='dummy_target')),
                ('clean_names', Clean_Colum_Names()), ('fix_multi', Empty()),
                ('pca', Empty())],
         verbose=False)
2020-08-27 21:48:57,661:INFO:setup() succesfully completed......................................
2020-08-27 21:49:04,274:INFO:Initializing create_model()
2020-08-27 21:49:04,275:INFO:create_model(model=kmeans, num_clusters=5, ground_truth=None, verbose=True, system=True)
2020-08-27 21:49:04,275:INFO:Checking exceptions
2020-08-27 21:49:04,275:INFO:Preloading libraries
2020-08-27 21:49:04,275:INFO:Setting num_cluster param
2020-08-27 21:49:04,275:INFO:Preparing display monitor
2020-08-27 21:49:04,298:INFO:Importing untrained model
2020-08-27 21:49:04,299:INFO:K-Means Clustering Imported succesfully
2020-08-27 21:49:04,308:INFO:Fitting Model
2020-08-27 21:49:04,404:INFO:Evaluating Metrics
2020-08-27 21:49:04,414:INFO:Creating Metrics dataframe
2020-08-27 21:49:04,422:INFO:KMeans(algorithm='auto', copy_x=True, init='k-means++', max_iter=300,
       n_clusters=5, n_init=10, n_jobs=-1, precompute_distances='deprecated',
       random_state=123, tol=0.0001, verbose=0)
2020-08-27 21:49:04,423:INFO:create_models() succesfully completed......................................
2020-08-27 21:49:12,582:INFO:Initializing plot_model()
2020-08-27 21:49:12,582:INFO:plot_model(model=KMeans(algorithm='auto', copy_x=True, init='k-means++', max_iter=300,
       n_clusters=5, n_init=10, n_jobs=-1, precompute_distances='deprecated',
       random_state=123, tol=0.0001, verbose=0), plot=cluster, feature=None, label=False, save=False, system=True)
2020-08-27 21:49:12,582:INFO:Checking exceptions
2020-08-27 21:49:12,582:INFO:Importing libraries
2020-08-27 21:49:12,593:INFO:plot type: cluster
2020-08-27 21:49:12,593:INFO:SubProcess assign_model() called ==================================
2020-08-27 21:49:12,594:INFO:Initializing assign_model()
2020-08-27 21:49:12,595:INFO:assign_model(model=KMeans(algorithm='auto', copy_x=True, init='k-means++', max_iter=300,
       n_clusters=5, n_init=10, n_jobs=-1, precompute_distances='deprecated',
       random_state=123, tol=0.0001, verbose=0), transformation=True, verbose=False)
2020-08-27 21:49:12,595:INFO:Checking exceptions
2020-08-27 21:49:12,595:INFO:Preloading libraries
2020-08-27 21:49:12,595:INFO:Copying data
2020-08-27 21:49:12,595:INFO:Transformation param set to True. Assigned clusters are attached on transformed dataset.
2020-08-27 21:49:12,596:INFO:Preparing display monitor
2020-08-27 21:49:12,607:INFO:Determining Trained Model
2020-08-27 21:49:12,608:INFO:Trained Model : K-Means Clustering
2020-08-27 21:49:12,608:INFO:(224, 21)
2020-08-27 21:49:12,608:INFO:assign_model() succesfully completed......................................
2020-08-27 21:49:12,608:INFO:SubProcess assign_model() end ==================================
2020-08-27 21:49:12,613:INFO:Fitting PCA()
2020-08-27 21:49:12,627:INFO:Sorting dataframe
2020-08-27 21:49:12,630:INFO:Rendering Visual
2020-08-27 21:49:12,725:INFO:Visual Rendered Successfully
2020-08-27 21:49:12,725:INFO:plot_model() succesfully completed......................................
2020-08-27 21:49:14,099:INFO:Initializing plot_model()
2020-08-27 21:49:14,100:INFO:plot_model(model=KMeans(algorithm='auto', copy_x=True, init='k-means++', max_iter=300,
       n_clusters=5, n_init=10, n_jobs=-1, precompute_distances='deprecated',
       random_state=123, tol=0.0001, verbose=0), plot=tsne, feature=None, label=False, save=False, system=True)
2020-08-27 21:49:14,100:INFO:Checking exceptions
2020-08-27 21:49:14,100:INFO:Importing libraries
2020-08-27 21:49:14,109:INFO:plot type: tsne
2020-08-27 21:49:14,109:INFO:SubProcess assign_model() called ==================================
2020-08-27 21:49:14,110:INFO:Initializing assign_model()
2020-08-27 21:49:14,110:INFO:assign_model(model=KMeans(algorithm='auto', copy_x=True, init='k-means++', max_iter=300,
       n_clusters=5, n_init=10, n_jobs=-1, precompute_distances='deprecated',
       random_state=123, tol=0.0001, verbose=0), transformation=True, verbose=False)
2020-08-27 21:49:14,110:INFO:Checking exceptions
2020-08-27 21:49:14,110:INFO:Preloading libraries
2020-08-27 21:49:14,110:INFO:Copying data
2020-08-27 21:49:14,111:INFO:Transformation param set to True. Assigned clusters are attached on transformed dataset.
2020-08-27 21:49:14,111:INFO:Preparing display monitor
2020-08-27 21:49:14,123:INFO:Determining Trained Model
2020-08-27 21:49:14,123:INFO:Trained Model : K-Means Clustering
2020-08-27 21:49:14,123:INFO:(224, 21)
2020-08-27 21:49:14,124:INFO:assign_model() succesfully completed......................................
2020-08-27 21:49:14,124:INFO:SubProcess assign_model() end ==================================
2020-08-27 21:49:14,125:INFO:Fitting TSNE()
2020-08-27 21:49:15,805:INFO:Sorting dataframe
2020-08-27 21:49:15,807:INFO:Rendering Visual
2020-08-27 21:49:15,892:INFO:Visual Rendered Successfully
2020-08-27 21:49:15,893:INFO:plot_model() succesfully completed......................................
2020-08-27 21:49:20,052:INFO:Initializing plot_model()
2020-08-27 21:49:20,053:INFO:plot_model(model=KMeans(algorithm='auto', copy_x=True, init='k-means++', max_iter=300,
       n_clusters=5, n_init=10, n_jobs=-1, precompute_distances='deprecated',
       random_state=123, tol=0.0001, verbose=0), plot=elbow, feature=None, label=False, save=False, system=True)
2020-08-27 21:49:20,053:INFO:Checking exceptions
2020-08-27 21:49:20,053:INFO:Importing libraries
2020-08-27 21:49:20,065:INFO:plot type: elbow
2020-08-27 21:49:20,065:INFO:Fitting KElbowVisualizer()
2020-08-27 21:49:20,475:INFO:Rendering Visual
2020-08-27 21:49:21,031:INFO:Visual Rendered Successfully
2020-08-27 21:49:21,031:INFO:plot_model() succesfully completed......................................
2020-08-27 21:49:22,079:INFO:Initializing plot_model()
2020-08-27 21:49:22,079:INFO:plot_model(model=KMeans(algorithm='auto', copy_x=True, init='k-means++', max_iter=300,
       n_clusters=5, n_init=10, n_jobs=-1, precompute_distances='deprecated',
       random_state=123, tol=0.0001, verbose=0), plot=silhouette, feature=None, label=False, save=False, system=True)
2020-08-27 21:49:22,080:INFO:Checking exceptions
2020-08-27 21:49:22,080:INFO:Importing libraries
2020-08-27 21:49:22,092:INFO:plot type: silhouette
2020-08-27 21:49:22,092:INFO:Fitting SilhouetteVisualizer()
2020-08-27 21:49:22,121:INFO:Rendering Visual
2020-08-27 21:49:22,471:INFO:Visual Rendered Successfully
2020-08-27 21:49:22,471:INFO:plot_model() succesfully completed......................................
2020-08-27 21:49:22,679:INFO:Initializing plot_model()
2020-08-27 21:49:22,680:INFO:plot_model(model=KMeans(algorithm='auto', copy_x=True, init='k-means++', max_iter=300,
       n_clusters=5, n_init=10, n_jobs=-1, precompute_distances='deprecated',
       random_state=123, tol=0.0001, verbose=0), plot=distance, feature=None, label=False, save=False, system=True)
2020-08-27 21:49:22,680:INFO:Checking exceptions
2020-08-27 21:49:22,680:INFO:Importing libraries
2020-08-27 21:49:22,692:INFO:plot type: distance
2020-08-27 21:49:22,712:INFO:Fitting InterclusterDistance()
2020-08-27 21:49:22,734:INFO:Rendering Visual
2020-08-27 21:49:23,094:INFO:Visual Rendered Successfully
2020-08-27 21:49:23,094:INFO:plot_model() succesfully completed......................................
2020-08-27 21:49:24,310:INFO:Initializing plot_model()
2020-08-27 21:49:24,311:INFO:plot_model(model=KMeans(algorithm='auto', copy_x=True, init='k-means++', max_iter=300,
       n_clusters=5, n_init=10, n_jobs=-1, precompute_distances='deprecated',
       random_state=123, tol=0.0001, verbose=0), plot=distribution, feature=None, label=False, save=False, system=True)
2020-08-27 21:49:24,312:INFO:Checking exceptions
2020-08-27 21:49:24,312:INFO:Importing libraries
2020-08-27 21:49:24,325:INFO:plot type: distribution
2020-08-27 21:49:24,326:INFO:SubProcess assign_model() called ==================================
2020-08-27 21:49:24,326:INFO:Initializing assign_model()
2020-08-27 21:49:24,327:INFO:assign_model(model=KMeans(algorithm='auto', copy_x=True, init='k-means++', max_iter=300,
       n_clusters=5, n_init=10, n_jobs=-1, precompute_distances='deprecated',
       random_state=123, tol=0.0001, verbose=0), transformation=False, verbose=False)
2020-08-27 21:49:24,327:INFO:Checking exceptions
2020-08-27 21:49:24,327:INFO:Preloading libraries
2020-08-27 21:49:24,327:INFO:Copying data
2020-08-27 21:49:24,328:INFO:Preparing display monitor
2020-08-27 21:49:24,342:INFO:Determining Trained Model
2020-08-27 21:49:24,342:INFO:Trained Model : K-Means Clustering
2020-08-27 21:49:24,343:INFO:(224, 22)
2020-08-27 21:49:24,343:INFO:assign_model() succesfully completed......................................
2020-08-27 21:49:24,343:INFO:SubProcess assign_model() end ==================================
2020-08-27 21:49:24,343:INFO:Sorting dataframe
2020-08-27 21:49:24,349:INFO:Rendering Visual
2020-08-27 21:49:24,490:INFO:Visual Rendered Successfully
2020-08-27 21:49:24,490:INFO:plot_model() succesfully completed......................................
2020-08-27 21:49:27,258:INFO:Initializing save_model()
2020-08-27 21:49:27,259:INFO:save_model(model=KMeans(algorithm='auto', copy_x=True, init='k-means++', max_iter=300,
       n_clusters=5, n_init=10, n_jobs=-1, precompute_distances='deprecated',
       random_state=123, tol=0.0001, verbose=0), model_name=Modele_final_GlobalHealthExpenditure_27082020, verbose=True)
2020-08-27 21:49:27,260:INFO:Appending prep pipeline
2020-08-27 21:49:27,270:INFO:Modele_final_GlobalHealthExpenditure_27082020.pkl saved in current working directory
2020-08-27 21:49:27,277:INFO:[Pipeline(memory=None,
         steps=[('dtypes',
                 DataTypes_Auto_infer(categorical_features=[],
                                      display_types=True,
                                      features_todrop=['Country Name'],
                                      ml_usecase='regression',
                                      numerical_features=[],
                                      target='dummy_target',
                                      time_features=[])),
                ('imputer',
                 Simple_Imputer(categorical_strategy='not_available',
                                numeric_strategy='mean',
                                target_variable=None)),
                ('new_levels1',
                 New_...
                                                    target='dummy_target')),
                ('feature_time',
                 Make_Time_Features(list_of_features=None, time_feature=[])),
                ('group', Empty()), ('scaling', Empty()),
                ('P_transform', Empty()), ('binn', Empty()),
                ('fix_perfect', Empty()), ('rem_outliers', Empty()),
                ('dummy', Dummify(target='dummy_target')),
                ('clean_names', Clean_Colum_Names()), ('fix_multi', Empty()),
                ('pca', Empty())],
         verbose=False), KMeans(algorithm='auto', copy_x=True, init='k-means++', max_iter=300,
       n_clusters=5, n_init=10, n_jobs=-1, precompute_distances='deprecated',
       random_state=123, tol=0.0001, verbose=0)]
2020-08-27 21:49:27,277:INFO:save_model() succesfully completed......................................
2020-08-27 21:53:16,708:INFO:PyCaret Clustering Module
2020-08-27 21:53:16,709:INFO:version 2.0
2020-08-27 21:53:16,709:INFO:Initializing setup()
2020-08-27 21:53:16,709:INFO:USI: a88b
2020-08-27 21:53:16,709:INFO:setup(data=(213, 21), categorical_features=None, categorical_imputation=constant, ordinal_features=None, high_cardinality_features=None, 
                    numeric_features=None, numeric_imputation=mean, date_features=None, ignore_features=['Country Name'], normalize=False,
                    normalize_method=zscore, transformation=False, transformation_method=yeo-johnson, handle_unknown_categorical=True, unknown_categorical_method=least_frequent, pca=False, pca_method=linear,
                    pca_components=None, ignore_low_variance=False, combine_rare_levels=False, rare_level_threshold=0.1, bin_numeric_features=None,
                    remove_multicollinearity=False, multicollinearity_threshold=0.9, group_features=None,
                    group_names=None, supervised=False, supervised_target=None, n_jobs=-1, html=True, session_id=123, log_experiment=False,
                    experiment_name=None, log_plots=False, log_profile=False, log_data=False, silent=False, verbose=True, profile=False)
2020-08-27 21:53:16,709:INFO:Checking environment
2020-08-27 21:53:16,709:INFO:python_version: 3.7.6
2020-08-27 21:53:16,710:INFO:python_build: ('default', 'Jan  8 2020 20:23:39')
2020-08-27 21:53:16,710:INFO:machine: AMD64
2020-08-27 21:53:16,710:INFO:platform: Windows-10-10.0.18362-SP0
2020-08-27 21:53:16,710:INFO:Memory: svmem(total=8160575488, available=1097449472, percent=86.6, used=7063126016, free=1097449472)
2020-08-27 21:53:16,710:INFO:Physical Core: 4
2020-08-27 21:53:16,710:INFO:Logical Core: 8
2020-08-27 21:53:16,710:INFO:Checking libraries
2020-08-27 21:53:16,710:INFO:pd==1.0.1
2020-08-27 21:53:16,710:INFO:numpy==1.18.1
2020-08-27 21:53:16,710:INFO:sklearn==0.23.2
2020-08-27 21:53:16,710:INFO:kmodes==0.10.2
2020-08-27 21:53:16,710:INFO:mlflow==1.10.0
2020-08-27 21:53:16,710:INFO:Checking Exceptions
2020-08-27 21:53:16,711:INFO:Preloading libraries
2020-08-27 21:53:16,711:INFO:Preparing display monitor
2020-08-27 21:53:16,728:INFO:Importing libraries
2020-08-27 21:53:16,728:INFO:Declaring global variables
2020-08-27 21:53:16,729:INFO:Copying data for preprocessing
2020-08-27 21:53:16,735:INFO:Declaring preprocessing parameters
2020-08-27 21:53:16,735:INFO:Importing preprocessing module
2020-08-27 21:53:16,735:INFO:Creating preprocessing pipeline
2020-09-03 10:11:09,846:INFO:PyCaret Clustering Module
2020-09-03 10:11:09,847:INFO:version 2.1
2020-09-03 10:11:09,847:INFO:Initializing setup()
2020-09-03 10:11:09,848:INFO:USI: c854
2020-09-03 10:11:09,848:INFO:setup(data=(213, 21), categorical_features=None, categorical_imputation=constant, ordinal_features=None, high_cardinality_features=None, 
                    numeric_features=None, numeric_imputation=mean, date_features=None, ignore_features=['Country Name'], normalize=False,
                    normalize_method=zscore, transformation=False, transformation_method=yeo-johnson, handle_unknown_categorical=True, unknown_categorical_method=least_frequent, pca=False, pca_method=linear,
                    pca_components=None, ignore_low_variance=False, combine_rare_levels=False, rare_level_threshold=0.1, bin_numeric_features=None,
                    remove_multicollinearity=False, multicollinearity_threshold=0.9, group_features=None,
                    group_names=None, supervised=False, supervised_target=None, n_jobs=-1, html=True, session_id=123, log_experiment=False,
                    experiment_name=None, log_plots=False, log_profile=False, log_data=False, silent=False, verbose=True, profile=False)
2020-09-03 10:11:09,848:INFO:Checking environment
2020-09-03 10:11:09,849:INFO:python_version: 3.7.6
2020-09-03 10:11:09,849:INFO:python_build: ('default', 'Jan  8 2020 20:23:39')
2020-09-03 10:11:09,849:INFO:machine: AMD64
2020-09-03 10:11:09,849:INFO:platform: Windows-10-10.0.18362-SP0
2020-09-03 10:11:09,849:INFO:Memory: svmem(total=8160575488, available=835534848, percent=89.8, used=7325040640, free=835534848)
2020-09-03 10:11:09,850:INFO:Physical Core: 4
2020-09-03 10:11:09,850:INFO:Logical Core: 8
2020-09-03 10:11:09,850:INFO:Checking libraries
2020-09-03 10:11:09,850:INFO:pd==1.0.1
2020-09-03 10:11:09,850:INFO:numpy==1.18.1
2020-09-03 10:11:09,898:INFO:sklearn==0.23.2
2020-09-03 10:11:09,899:INFO:kmodes==0.10.2
2020-09-03 10:11:12,827:INFO:mlflow==1.10.0
2020-09-03 10:11:12,828:INFO:Checking Exceptions
2020-09-03 10:11:12,828:INFO:Preloading libraries
2020-09-03 10:11:12,828:INFO:Preparing display monitor
2020-09-03 10:11:12,842:INFO:Importing libraries
2020-09-03 10:11:12,843:INFO:Declaring global variables
2020-09-03 10:11:12,843:INFO:Copying data for preprocessing
2020-09-03 10:11:12,847:INFO:Declaring preprocessing parameters
2020-09-03 10:11:12,848:INFO:Importing preprocessing module
2020-09-03 10:11:13,455:INFO:Creating preprocessing pipeline
2020-09-03 10:11:16,453:INFO:Preprocessing pipeline created successfully
2020-09-03 10:11:16,453:INFO:Creating grid variables
2020-09-03 10:11:16,455:INFO:Creating global containers
2020-09-03 10:11:16,529:INFO:Pipeline(memory=None,
         steps=[('dtypes',
                 DataTypes_Auto_infer(categorical_features=[],
                                      display_types=True,
                                      features_todrop=['Country Name'],
                                      ml_usecase='regression',
                                      numerical_features=[],
                                      target='dummy_target',
                                      time_features=[])),
                ('imputer',
                 Simple_Imputer(categorical_strategy='not_available',
                                numeric_strategy='mean',
                                target_variable=None)),
                ('new_levels1',
                 New_...
                                                    target='dummy_target')),
                ('feature_time',
                 Make_Time_Features(list_of_features=None, time_feature=[])),
                ('group', Empty()), ('scaling', Empty()),
                ('P_transform', Empty()), ('binn', Empty()),
                ('fix_perfect', Empty()), ('rem_outliers', Empty()),
                ('dummy', Dummify(target='dummy_target')),
                ('clean_names', Clean_Colum_Names()), ('fix_multi', Empty()),
                ('pca', Empty())],
         verbose=False)
2020-09-03 10:11:16,530:INFO:setup() succesfully completed......................................
2020-09-03 10:12:55,788:INFO:Initializing create_model()
2020-09-03 10:12:55,788:INFO:create_model(model=kmeans, num_clusters=5, ground_truth=None, verbose=True, system=True)
2020-09-03 10:12:55,788:INFO:Checking exceptions
2020-09-03 10:12:55,788:INFO:Preloading libraries
2020-09-03 10:12:55,788:INFO:Setting num_cluster param
2020-09-03 10:12:55,788:INFO:Preparing display monitor
2020-09-03 10:12:55,804:INFO:Importing untrained model
2020-09-03 10:12:55,805:INFO:K-Means Clustering Imported succesfully
2020-09-03 10:12:55,809:INFO:Fitting Model
2020-09-03 10:12:55,901:INFO:Evaluating Metrics
2020-09-03 10:12:55,928:INFO:Creating Metrics dataframe
2020-09-03 10:12:55,936:INFO:KMeans(algorithm='auto', copy_x=True, init='k-means++', max_iter=300,
       n_clusters=5, n_init=10, n_jobs=-1, precompute_distances='deprecated',
       random_state=123, tol=0.0001, verbose=0)
2020-09-03 10:12:55,936:INFO:create_models() succesfully completed......................................
2020-09-03 10:13:14,011:INFO:Initializing plot_model()
2020-09-03 10:13:14,012:INFO:plot_model(model=KMeans(algorithm='auto', copy_x=True, init='k-means++', max_iter=300,
       n_clusters=5, n_init=10, n_jobs=-1, precompute_distances='deprecated',
       random_state=123, tol=0.0001, verbose=0), plot=cluster, feature=None, label=False, save=False, system=True)
2020-09-03 10:13:14,012:INFO:Checking exceptions
2020-09-03 10:13:14,012:INFO:Importing libraries
2020-09-03 10:13:14,858:INFO:plot type: cluster
2020-09-03 10:13:14,858:INFO:SubProcess assign_model() called ==================================
2020-09-03 10:13:14,859:INFO:Initializing assign_model()
2020-09-03 10:13:14,859:INFO:assign_model(model=KMeans(algorithm='auto', copy_x=True, init='k-means++', max_iter=300,
       n_clusters=5, n_init=10, n_jobs=-1, precompute_distances='deprecated',
       random_state=123, tol=0.0001, verbose=0), transformation=True, verbose=False)
2020-09-03 10:13:14,859:INFO:Checking exceptions
2020-09-03 10:13:14,859:INFO:Preloading libraries
2020-09-03 10:13:14,859:INFO:Copying data
2020-09-03 10:13:14,859:INFO:Transformation param set to True. Assigned clusters are attached on transformed dataset.
2020-09-03 10:13:14,860:INFO:Preparing display monitor
2020-09-03 10:13:14,870:INFO:Determining Trained Model
2020-09-03 10:13:14,871:INFO:Trained Model : K-Means Clustering
2020-09-03 10:13:14,871:INFO:(213, 21)
2020-09-03 10:13:14,871:INFO:assign_model() succesfully completed......................................
2020-09-03 10:13:14,871:INFO:SubProcess assign_model() end ==================================
2020-09-03 10:13:14,877:INFO:Fitting PCA()
2020-09-03 10:13:14,923:INFO:Sorting dataframe
2020-09-03 10:13:14,925:INFO:Rendering Visual
2020-09-03 10:13:15,936:INFO:Visual Rendered Successfully
2020-09-03 10:13:15,936:INFO:plot_model() succesfully completed......................................
2020-09-03 10:13:28,196:INFO:Initializing plot_model()
2020-09-03 10:13:28,197:INFO:plot_model(model=KMeans(algorithm='auto', copy_x=True, init='k-means++', max_iter=300,
       n_clusters=5, n_init=10, n_jobs=-1, precompute_distances='deprecated',
       random_state=123, tol=0.0001, verbose=0), plot=cluster, feature=None, label=False, save=False, system=True)
2020-09-03 10:13:28,197:INFO:Checking exceptions
2020-09-03 10:13:28,197:INFO:Importing libraries
2020-09-03 10:13:28,208:INFO:plot type: cluster
2020-09-03 10:13:28,208:INFO:SubProcess assign_model() called ==================================
2020-09-03 10:13:28,209:INFO:Initializing assign_model()
2020-09-03 10:13:28,210:INFO:assign_model(model=KMeans(algorithm='auto', copy_x=True, init='k-means++', max_iter=300,
       n_clusters=5, n_init=10, n_jobs=-1, precompute_distances='deprecated',
       random_state=123, tol=0.0001, verbose=0), transformation=True, verbose=False)
2020-09-03 10:13:28,210:INFO:Checking exceptions
2020-09-03 10:13:28,210:INFO:Preloading libraries
2020-09-03 10:13:28,210:INFO:Copying data
2020-09-03 10:13:28,210:INFO:Transformation param set to True. Assigned clusters are attached on transformed dataset.
2020-09-03 10:13:28,210:INFO:Preparing display monitor
2020-09-03 10:13:28,221:INFO:Determining Trained Model
2020-09-03 10:13:28,222:INFO:Trained Model : K-Means Clustering
2020-09-03 10:13:28,222:INFO:(213, 21)
2020-09-03 10:13:28,222:INFO:assign_model() succesfully completed......................................
2020-09-03 10:13:28,222:INFO:SubProcess assign_model() end ==================================
2020-09-03 10:13:28,228:INFO:Fitting PCA()
2020-09-03 10:13:28,233:INFO:Sorting dataframe
2020-09-03 10:13:28,235:INFO:Rendering Visual
2020-09-03 10:13:28,321:INFO:Visual Rendered Successfully
2020-09-03 10:13:28,322:INFO:plot_model() succesfully completed......................................
2020-09-03 10:14:31,407:INFO:Initializing plot_model()
2020-09-03 10:14:31,407:INFO:plot_model(model=KMeans(algorithm='auto', copy_x=True, init='k-means++', max_iter=300,
       n_clusters=5, n_init=10, n_jobs=-1, precompute_distances='deprecated',
       random_state=123, tol=0.0001, verbose=0), plot=cluster, feature=None, label=False, save=False, system=True)
2020-09-03 10:14:31,407:INFO:Checking exceptions
2020-09-03 10:14:31,407:INFO:Importing libraries
2020-09-03 10:14:31,417:INFO:plot type: cluster
2020-09-03 10:14:31,417:INFO:SubProcess assign_model() called ==================================
2020-09-03 10:14:31,418:INFO:Initializing assign_model()
2020-09-03 10:14:31,418:INFO:assign_model(model=KMeans(algorithm='auto', copy_x=True, init='k-means++', max_iter=300,
       n_clusters=5, n_init=10, n_jobs=-1, precompute_distances='deprecated',
       random_state=123, tol=0.0001, verbose=0), transformation=True, verbose=False)
2020-09-03 10:14:31,418:INFO:Checking exceptions
2020-09-03 10:14:31,419:INFO:Preloading libraries
2020-09-03 10:14:31,419:INFO:Copying data
2020-09-03 10:14:31,419:INFO:Transformation param set to True. Assigned clusters are attached on transformed dataset.
2020-09-03 10:14:31,419:INFO:Preparing display monitor
2020-09-03 10:14:31,430:INFO:Determining Trained Model
2020-09-03 10:14:31,430:INFO:Trained Model : K-Means Clustering
2020-09-03 10:14:31,430:INFO:(213, 21)
2020-09-03 10:14:31,431:INFO:assign_model() succesfully completed......................................
2020-09-03 10:14:31,431:INFO:SubProcess assign_model() end ==================================
2020-09-03 10:14:31,436:INFO:Fitting PCA()
2020-09-03 10:14:31,441:INFO:Sorting dataframe
2020-09-03 10:14:31,443:INFO:Rendering Visual
2020-09-03 10:14:31,517:INFO:Visual Rendered Successfully
2020-09-03 10:14:31,517:INFO:plot_model() succesfully completed......................................
2020-09-03 10:14:33,277:INFO:Initializing plot_model()
2020-09-03 10:14:33,277:INFO:plot_model(model=KMeans(algorithm='auto', copy_x=True, init='k-means++', max_iter=300,
       n_clusters=5, n_init=10, n_jobs=-1, precompute_distances='deprecated',
       random_state=123, tol=0.0001, verbose=0), plot=tsne, feature=None, label=False, save=False, system=True)
2020-09-03 10:14:33,278:INFO:Checking exceptions
2020-09-03 10:14:33,278:INFO:Importing libraries
2020-09-03 10:14:33,290:INFO:plot type: tsne
2020-09-03 10:14:33,290:INFO:SubProcess assign_model() called ==================================
2020-09-03 10:14:33,291:INFO:Initializing assign_model()
2020-09-03 10:14:33,292:INFO:assign_model(model=KMeans(algorithm='auto', copy_x=True, init='k-means++', max_iter=300,
       n_clusters=5, n_init=10, n_jobs=-1, precompute_distances='deprecated',
       random_state=123, tol=0.0001, verbose=0), transformation=True, verbose=False)
2020-09-03 10:14:33,292:INFO:Checking exceptions
2020-09-03 10:14:33,292:INFO:Preloading libraries
2020-09-03 10:14:33,292:INFO:Copying data
2020-09-03 10:14:33,292:INFO:Transformation param set to True. Assigned clusters are attached on transformed dataset.
2020-09-03 10:14:33,293:INFO:Preparing display monitor
2020-09-03 10:14:33,304:INFO:Determining Trained Model
2020-09-03 10:14:33,305:INFO:Trained Model : K-Means Clustering
2020-09-03 10:14:33,305:INFO:(213, 21)
2020-09-03 10:14:33,305:INFO:assign_model() succesfully completed......................................
2020-09-03 10:14:33,305:INFO:SubProcess assign_model() end ==================================
2020-09-03 10:14:33,307:INFO:Fitting TSNE()
2020-09-03 10:14:35,038:INFO:Sorting dataframe
2020-09-03 10:14:35,041:INFO:Rendering Visual
2020-09-03 10:14:35,155:INFO:Visual Rendered Successfully
2020-09-03 10:14:35,156:INFO:plot_model() succesfully completed......................................
2020-09-03 10:14:44,246:INFO:Initializing plot_model()
2020-09-03 10:14:44,247:INFO:plot_model(model=KMeans(algorithm='auto', copy_x=True, init='k-means++', max_iter=300,
       n_clusters=5, n_init=10, n_jobs=-1, precompute_distances='deprecated',
       random_state=123, tol=0.0001, verbose=0), plot=elbow, feature=None, label=False, save=False, system=True)
2020-09-03 10:14:44,247:INFO:Checking exceptions
2020-09-03 10:14:44,247:INFO:Importing libraries
2020-09-03 10:14:44,258:INFO:plot type: elbow
2020-09-03 10:14:44,381:INFO:Fitting KElbowVisualizer()
2020-09-03 10:14:44,787:INFO:Rendering Visual
2020-09-03 10:14:45,489:INFO:Visual Rendered Successfully
2020-09-03 10:14:45,490:INFO:plot_model() succesfully completed......................................
2020-09-03 10:14:52,497:INFO:Initializing plot_model()
2020-09-03 10:14:52,497:INFO:plot_model(model=KMeans(algorithm='auto', copy_x=True, init='k-means++', max_iter=300,
       n_clusters=5, n_init=10, n_jobs=-1, precompute_distances='deprecated',
       random_state=123, tol=0.0001, verbose=0), plot=silhouette, feature=None, label=False, save=False, system=True)
2020-09-03 10:14:52,497:INFO:Checking exceptions
2020-09-03 10:14:52,498:INFO:Importing libraries
2020-09-03 10:14:52,511:INFO:plot type: silhouette
2020-09-03 10:14:52,512:INFO:Fitting SilhouetteVisualizer()
2020-09-03 10:14:52,570:INFO:Rendering Visual
2020-09-03 10:14:52,977:INFO:Visual Rendered Successfully
2020-09-03 10:14:52,977:INFO:plot_model() succesfully completed......................................
2020-09-03 10:14:56,109:INFO:Initializing plot_model()
2020-09-03 10:14:56,109:INFO:plot_model(model=KMeans(algorithm='auto', copy_x=True, init='k-means++', max_iter=300,
       n_clusters=5, n_init=10, n_jobs=-1, precompute_distances='deprecated',
       random_state=123, tol=0.0001, verbose=0), plot=distance, feature=None, label=False, save=False, system=True)
2020-09-03 10:14:56,109:INFO:Checking exceptions
2020-09-03 10:14:56,110:INFO:Importing libraries
2020-09-03 10:14:56,120:INFO:plot type: distance
2020-09-03 10:14:56,144:INFO:Fitting InterclusterDistance()
2020-09-03 10:14:56,160:INFO:Rendering Visual
2020-09-03 10:14:56,426:INFO:Visual Rendered Successfully
2020-09-03 10:14:56,427:INFO:plot_model() succesfully completed......................................
2020-09-03 10:14:59,668:INFO:Initializing plot_model()
2020-09-03 10:14:59,669:INFO:plot_model(model=KMeans(algorithm='auto', copy_x=True, init='k-means++', max_iter=300,
       n_clusters=5, n_init=10, n_jobs=-1, precompute_distances='deprecated',
       random_state=123, tol=0.0001, verbose=0), plot=distribution, feature=None, label=False, save=False, system=True)
2020-09-03 10:14:59,670:INFO:Checking exceptions
2020-09-03 10:14:59,670:INFO:Importing libraries
2020-09-03 10:14:59,682:INFO:plot type: distribution
2020-09-03 10:14:59,682:INFO:SubProcess assign_model() called ==================================
2020-09-03 10:14:59,683:INFO:Initializing assign_model()
2020-09-03 10:14:59,683:INFO:assign_model(model=KMeans(algorithm='auto', copy_x=True, init='k-means++', max_iter=300,
       n_clusters=5, n_init=10, n_jobs=-1, precompute_distances='deprecated',
       random_state=123, tol=0.0001, verbose=0), transformation=False, verbose=False)
2020-09-03 10:14:59,684:INFO:Checking exceptions
2020-09-03 10:14:59,684:INFO:Preloading libraries
2020-09-03 10:14:59,684:INFO:Copying data
2020-09-03 10:14:59,684:INFO:Preparing display monitor
2020-09-03 10:14:59,696:INFO:Determining Trained Model
2020-09-03 10:14:59,697:INFO:Trained Model : K-Means Clustering
2020-09-03 10:14:59,697:INFO:(213, 22)
2020-09-03 10:14:59,698:INFO:assign_model() succesfully completed......................................
2020-09-03 10:14:59,698:INFO:SubProcess assign_model() end ==================================
2020-09-03 10:14:59,698:INFO:Sorting dataframe
2020-09-03 10:14:59,704:INFO:Rendering Visual
2020-09-03 10:14:59,927:INFO:Visual Rendered Successfully
2020-09-03 10:14:59,927:INFO:plot_model() succesfully completed......................................
2020-09-03 10:15:46,448:INFO:Initializing save_model()
2020-09-03 10:15:46,449:INFO:save_model(model=KMeans(algorithm='auto', copy_x=True, init='k-means++', max_iter=300,
       n_clusters=5, n_init=10, n_jobs=-1, precompute_distances='deprecated',
       random_state=123, tol=0.0001, verbose=0), model_name=Modele_final_GlobalHealthExpenditure_27082020, verbose=True)
2020-09-03 10:15:46,449:INFO:Adding model into prep_pipe
2020-09-03 10:15:46,459:INFO:Modele_final_GlobalHealthExpenditure_27082020.pkl saved in current working directory
2020-09-03 10:15:46,465:INFO:Pipeline(memory=None,
         steps=[('dtypes',
                 DataTypes_Auto_infer(categorical_features=[],
                                      display_types=True,
                                      features_todrop=['Country Name'],
                                      ml_usecase='regression',
                                      numerical_features=[],
                                      target='dummy_target',
                                      time_features=[])),
                ('imputer',
                 Simple_Imputer(categorical_strategy='not_available',
                                numeric_strategy='mean',
                                target_variable=None)),
                ('new_levels1',
                 New_...
                ('fix_perfect', Empty()), ('rem_outliers', Empty()),
                ('dummy', Dummify(target='dummy_target')),
                ('clean_names', Clean_Colum_Names()), ('fix_multi', Empty()),
                ('pca', Empty()),
                ['trained model',
                 KMeans(algorithm='auto', copy_x=True, init='k-means++',
                        max_iter=300, n_clusters=5, n_init=10, n_jobs=-1,
                        precompute_distances='deprecated', random_state=123,
                        tol=0.0001, verbose=0)]],
         verbose=False)
2020-09-03 10:15:46,465:INFO:save_model() succesfully completed......................................
